2026-06-24 19:35:56.224 +08:00 [INF] start up udp server....., port: 55595
2026-06-24 19:35:56.315 +08:00 [INF] register instance to nacos server, 【Instance{instanceId='', ip='127.0.0.1', port=5002, weight=100, healthy=True, enabled=True, ephemeral=True, clusterName='DEFAULT', serviceName='ServiceCityB', metadata={"preserved.register.source":"ASPNET_CORE","DOTNET_VERSION":"8.0.28","HOST_OS":"Microsoft Windows NT 10.0.19045.0"}}】
2026-06-24 19:35:56.318 +08:00 [INF] [REGISTER-SERVICE] dev registering service ServiceCityB with instance: Instance{instanceId='', ip='127.0.0.1', port=5002, weight=100, healthy=True, enabled=True, ephemeral=True, clusterName='DEFAULT', serviceName='ServiceCityB', metadata={"preserved.register.source":"ASPNET_CORE","DOTNET_VERSION":"8.0.28","HOST_OS":"Microsoft Windows NT 10.0.19045.0"}}
2026-06-24 19:35:56.326 +08:00 [INF] [BEAT] adding beat: BeatInfo{port=5002, ip='127.0.0.1', weight=100, serviceName='DEFAULT_GROUP@@ServiceCityB', cluster='DEFAULT', metadata={"preserved.register.source":"ASPNET_CORE","DOTNET_VERSION":"8.0.28","HOST_OS":"Microsoft Windows NT 10.0.19045.0"}, scheduled=False, period=5000, stopped=False} to beat map.
2026-06-24 19:35:56.342 +08:00 [INF] 心跳后台服务已启动
2026-06-24 19:35:57.173 +08:00 [INF] ServiceCityB 心跳发送成功
2026-06-24 19:36:07.250 +08:00 [INF] ServiceCityB 心跳发送成功
2026-06-24 19:36:17.268 +08:00 [INF] ServiceCityB 心跳发送成功
2026-06-24 19:36:27.292 +08:00 [INF] ServiceCityB 心跳发送成功
2026-06-24 19:36:37.327 +08:00 [INF] ServiceCityB 心跳发送成功
2026-06-24 19:36:47.370 +08:00 [INF] ServiceCityB 心跳发送成功
2026-06-24 19:36:57.392 +08:00 [INF] ServiceCityB 心跳发送成功
2026-06-24 19:37:07.418 +08:00 [INF] ServiceCityB 心跳发送成功
2026-06-24 19:37:17.425 +08:00 [INF] ServiceCityB 心跳发送成功
2026-06-24 19:37:27.450 +08:00 [INF] ServiceCityB 心跳发送成功
2026-06-24 19:37:37.462 +08:00 [INF] ServiceCityB 心跳发送成功
2026-06-24 19:37:39.871 +08:00 [INF] HTTP GET /health responded 200 in 17.5494 ms
2026-06-24 19:37:47.493 +08:00 [INF] ServiceCityB 心跳发送成功
2026-06-24 19:37:57.516 +08:00 [INF] ServiceCityB 心跳发送成功
2026-06-24 19:38:07.530 +08:00 [INF] ServiceCityB 心跳发送成功
2026-06-24 19:38:17.558 +08:00 [INF] ServiceCityB 心跳发送成功
2026-06-24 19:38:27.579 +08:00 [INF] ServiceCityB 心跳发送成功
2026-06-24 19:38:37.591 +08:00 [INF] ServiceCityB 心跳发送成功
2026-06-24 19:38:47.615 +08:00 [INF] ServiceCityB 心跳发送成功
2026-06-24 19:38:57.636 +08:00 [INF] ServiceCityB 心跳发送成功
2026-06-24 19:39:07.659 +08:00 [INF] ServiceCityB 心跳发送成功
2026-06-24 19:39:17.688 +08:00 [INF] ServiceCityB 心跳发送成功
2026-06-24 19:39:27.707 +08:00 [INF] ServiceCityB 心跳发送成功
2026-06-24 19:39:30.897 +08:00 [WRN] deregister instance from nacos server, serviceName=ServiceCityB
2026-06-24 19:39:30.898 +08:00 [WRN] begin to remove instance
2026-06-24 19:39:30.899 +08:00 [INF] [REGISTER-SERVICE] dev deregistering service ServiceCityB with instance: Instance{instanceId='', ip='127.0.0.1', port=5002, weight=1, healthy=True, enabled=True, ephemeral=True, clusterName='DEFAULT', serviceName='', metadata={}}
2026-06-24 19:39:30.899 +08:00 [INF] [BEAT] removing beat: DEFAULT_GROUP@@ServiceCityB:127.0.0.1:5002 from beat map.
2026-06-24 19:39:30.902 +08:00 [WRN] removed instance
2026-06-24 19:40:06.608 +08:00 [INF] start up udp server....., port: 55201
2026-06-24 19:40:06.702 +08:00 [INF] register instance to nacos server, 【Instance{instanceId='', ip='127.0.0.1', port=5002, weight=100, healthy=True, enabled=True, ephemeral=True, clusterName='DEFAULT', serviceName='ServiceCityB', metadata={"preserved.register.source":"ASPNET_CORE","DOTNET_VERSION":"8.0.28","HOST_OS":"Microsoft Windows NT 10.0.19045.0"}}】
2026-06-24 19:40:06.705 +08:00 [INF] [REGISTER-SERVICE] dev registering service ServiceCityB with instance: Instance{instanceId='', ip='127.0.0.1', port=5002, weight=100, healthy=True, enabled=True, ephemeral=True, clusterName='DEFAULT', serviceName='ServiceCityB', metadata={"preserved.register.source":"ASPNET_CORE","DOTNET_VERSION":"8.0.28","HOST_OS":"Microsoft Windows NT 10.0.19045.0"}}
2026-06-24 19:40:06.707 +08:00 [INF] [BEAT] adding beat: BeatInfo{port=5002, ip='127.0.0.1', weight=100, serviceName='DEFAULT_GROUP@@ServiceCityB', cluster='DEFAULT', metadata={"preserved.register.source":"ASPNET_CORE","DOTNET_VERSION":"8.0.28","HOST_OS":"Microsoft Windows NT 10.0.19045.0"}, scheduled=False, period=5000, stopped=False} to beat map.
2026-06-24 19:40:06.722 +08:00 [INF] 心跳后台服务已启动
2026-06-24 19:40:07.527 +08:00 [INF] ServiceCityB 心跳发送成功
2026-06-24 19:40:17.702 +08:00 [INF] ServiceCityB 心跳发送成功
2026-06-24 19:40:27.720 +08:00 [INF] ServiceCityB 心跳发送成功
2026-06-24 19:40:37.742 +08:00 [INF] ServiceCityB 心跳发送成功
2026-06-24 19:40:47.784 +08:00 [INF] ServiceCityB 心跳发送成功
2026-06-24 19:40:57.800 +08:00 [INF] ServiceCityB 心跳发送成功
2026-06-24 19:40:58.388 +08:00 [INF] HTTP GET /health responded 200 in 14.0221 ms
2026-06-24 19:41:07.831 +08:00 [INF] ServiceCityB 心跳发送成功
2026-06-24 19:41:17.848 +08:00 [INF] ServiceCityB 心跳发送成功
2026-06-24 19:41:27.880 +08:00 [INF] ServiceCityB 心跳发送成功
2026-06-24 19:41:37.911 +08:00 [INF] ServiceCityB 心跳发送成功
2026-06-24 19:41:47.923 +08:00 [INF] ServiceCityB 心跳发送成功
2026-06-24 19:41:57.933 +08:00 [INF] ServiceCityB 心跳发送成功
2026-06-24 19:42:07.957 +08:00 [INF] ServiceCityB 心跳发送成功
2026-06-24 19:42:17.979 +08:00 [INF] ServiceCityB 心跳发送成功
2026-06-24 19:42:27.995 +08:00 [INF] ServiceCityB 心跳发送成功
2026-06-24 19:42:38.005 +08:00 [INF] ServiceCityB 心跳发送成功
2026-06-24 19:42:48.034 +08:00 [INF] ServiceCityB 心跳发送成功
2026-06-24 19:42:58.044 +08:00 [INF] ServiceCityB 心跳发送成功
2026-06-24 19:43:08.060 +08:00 [INF] ServiceCityB 心跳发送成功
2026-06-24 19:43:18.071 +08:00 [INF] ServiceCityB 心跳发送成功
2026-06-24 19:43:28.096 +08:00 [INF] ServiceCityB 心跳发送成功
2026-06-24 19:43:38.109 +08:00 [INF] ServiceCityB 心跳发送成功
2026-06-24 19:43:48.128 +08:00 [INF] ServiceCityB 心跳发送成功
2026-06-24 19:43:58.147 +08:00 [INF] ServiceCityB 心跳发送成功
2026-06-24 19:44:08.224 +08:00 [INF] ServiceCityB 心跳发送成功
2026-06-24 19:44:18.264 +08:00 [INF] ServiceCityB 心跳发送成功
2026-06-24 19:44:28.282 +08:00 [INF] ServiceCityB 心跳发送成功
2026-06-24 19:44:38.313 +08:00 [INF] ServiceCityB 心跳发送成功
2026-06-24 19:44:48.322 +08:00 [INF] ServiceCityB 心跳发送成功
2026-06-24 19:44:58.351 +08:00 [INF] ServiceCityB 心跳发送成功
2026-06-24 19:45:08.388 +08:00 [INF] ServiceCityB 心跳发送成功
2026-06-24 19:45:18.414 +08:00 [INF] ServiceCityB 心跳发送成功
2026-06-24 19:45:28.443 +08:00 [INF] ServiceCityB 心跳发送成功
2026-06-24 19:45:38.464 +08:00 [INF] ServiceCityB 心跳发送成功
2026-06-24 19:45:48.497 +08:00 [INF] ServiceCityB 心跳发送成功
2026-06-24 19:45:58.516 +08:00 [INF] ServiceCityB 心跳发送成功
2026-06-24 19:46:08.541 +08:00 [INF] ServiceCityB 心跳发送成功
2026-06-24 19:46:18.559 +08:00 [INF] ServiceCityB 心跳发送成功
2026-06-24 19:46:28.568 +08:00 [INF] ServiceCityB 心跳发送成功
2026-06-24 19:46:38.595 +08:00 [INF] ServiceCityB 心跳发送成功
2026-06-24 19:46:48.618 +08:00 [INF] ServiceCityB 心跳发送成功
2026-06-24 19:46:58.630 +08:00 [INF] ServiceCityB 心跳发送成功
2026-06-24 19:47:08.639 +08:00 [INF] ServiceCityB 心跳发送成功
2026-06-24 19:47:18.651 +08:00 [INF] ServiceCityB 心跳发送成功
2026-06-24 19:47:28.666 +08:00 [INF] ServiceCityB 心跳发送成功
2026-06-24 19:47:38.687 +08:00 [INF] ServiceCityB 心跳发送成功
2026-06-24 19:47:48.709 +08:00 [INF] ServiceCityB 心跳发送成功
2026-06-24 19:47:58.733 +08:00 [INF] ServiceCityB 心跳发送成功
2026-06-24 19:48:08.743 +08:00 [INF] ServiceCityB 心跳发送成功
2026-06-24 19:48:18.756 +08:00 [INF] ServiceCityB 心跳发送成功
2026-06-24 19:48:28.762 +08:00 [INF] ServiceCityB 心跳发送成功
2026-06-24 19:48:38.769 +08:00 [INF] ServiceCityB 心跳发送成功
2026-06-24 19:48:48.792 +08:00 [INF] ServiceCityB 心跳发送成功
2026-06-24 19:48:58.802 +08:00 [INF] ServiceCityB 心跳发送成功
2026-06-24 19:49:08.810 +08:00 [INF] ServiceCityB 心跳发送成功
2026-06-24 19:49:18.840 +08:00 [INF] ServiceCityB 心跳发送成功
2026-06-24 19:49:28.848 +08:00 [INF] ServiceCityB 心跳发送成功
2026-06-24 19:49:38.868 +08:00 [INF] ServiceCityB 心跳发送成功
2026-06-24 19:49:48.880 +08:00 [INF] ServiceCityB 心跳发送成功
2026-06-24 19:49:53.977 +08:00 [INF] HTTP GET /health responded 200 in 1.3796 ms
2026-06-24 19:49:58.896 +08:00 [INF] ServiceCityB 心跳发送成功
2026-06-24 19:50:04.011 +08:00 [INF] HTTP GET /health responded 200 in 0.0976 ms
2026-06-24 19:50:08.913 +08:00 [INF] ServiceCityB 心跳发送成功
2026-06-24 19:50:14.024 +08:00 [INF] HTTP GET /health responded 200 in 0.0946 ms
2026-06-24 19:50:15.231 +08:00 [WRN] deregister instance from nacos server, serviceName=ServiceCityB
2026-06-24 19:50:15.231 +08:00 [WRN] begin to remove instance
2026-06-24 19:50:15.233 +08:00 [INF] [REGISTER-SERVICE] dev deregistering service ServiceCityB with instance: Instance{instanceId='', ip='127.0.0.1', port=5002, weight=1, healthy=True, enabled=True, ephemeral=True, clusterName='DEFAULT', serviceName='', metadata={}}
2026-06-24 19:50:15.234 +08:00 [INF] [BEAT] removing beat: DEFAULT_GROUP@@ServiceCityB:127.0.0.1:5002 from beat map.
2026-06-24 19:50:15.236 +08:00 [WRN] removed instance
2026-06-24 19:52:51.749 +08:00 [INF] start up udp server....., port: 55856
2026-06-24 19:52:51.841 +08:00 [INF] register instance to nacos server, 【Instance{instanceId='', ip='127.0.0.1', port=5002, weight=100, healthy=True, enabled=True, ephemeral=True, clusterName='DEFAULT', serviceName='ServiceCityB', metadata={"preserved.register.source":"ASPNET_CORE","DOTNET_VERSION":"8.0.28","HOST_OS":"Microsoft Windows NT 10.0.19045.0"}}】
2026-06-24 19:52:51.844 +08:00 [INF] [REGISTER-SERVICE] dev registering service ServiceCityB with instance: Instance{instanceId='', ip='127.0.0.1', port=5002, weight=100, healthy=True, enabled=True, ephemeral=True, clusterName='DEFAULT', serviceName='ServiceCityB', metadata={"preserved.register.source":"ASPNET_CORE","DOTNET_VERSION":"8.0.28","HOST_OS":"Microsoft Windows NT 10.0.19045.0"}}
2026-06-24 19:52:51.845 +08:00 [INF] [BEAT] adding beat: BeatInfo{port=5002, ip='127.0.0.1', weight=100, serviceName='DEFAULT_GROUP@@ServiceCityB', cluster='DEFAULT', metadata={"preserved.register.source":"ASPNET_CORE","DOTNET_VERSION":"8.0.28","HOST_OS":"Microsoft Windows NT 10.0.19045.0"}, scheduled=False, period=5000, stopped=False} to beat map.
2026-06-24 19:52:51.859 +08:00 [INF] 心跳后台服务已启动
2026-06-24 19:52:52.640 +08:00 [INF] ServiceCityB 心跳发送成功
2026-06-24 19:53:02.703 +08:00 [INF] ServiceCityB 心跳发送成功
2026-06-24 19:53:12.746 +08:00 [INF] ServiceCityB 心跳发送成功
2026-06-24 19:53:17.730 +08:00 [INF] HTTP GET /health responded 200 in 15.4339 ms
2026-06-24 19:53:22.384 +08:00 [INF] HTTP GET /health responded 200 in 0.8116 ms
2026-06-24 19:53:22.764 +08:00 [INF] ServiceCityB 心跳发送成功
2026-06-24 19:53:27.738 +08:00 [INF] HTTP GET /health responded 200 in 0.1361 ms
2026-06-24 19:53:28.006 +08:00 [WRN] deregister instance from nacos server, serviceName=ServiceCityB
2026-06-24 19:53:28.006 +08:00 [WRN] begin to remove instance
2026-06-24 19:53:28.008 +08:00 [INF] [REGISTER-SERVICE] dev deregistering service ServiceCityB with instance: Instance{instanceId='', ip='127.0.0.1', port=5002, weight=1, healthy=True, enabled=True, ephemeral=True, clusterName='DEFAULT', serviceName='', metadata={}}
2026-06-24 19:53:28.008 +08:00 [INF] [BEAT] removing beat: DEFAULT_GROUP@@ServiceCityB:127.0.0.1:5002 from beat map.
2026-06-24 19:53:28.011 +08:00 [WRN] removed instance
2026-06-24 19:53:44.508 +08:00 [ERR] failed to start udp server 1, 55545
System.Net.Sockets.SocketException (10048): 通常每个套接字地址(协议/网络地址/端口)只允许使用一次。
   at System.Net.Sockets.Socket.UpdateStatusAfterSocketErrorAndThrowException(SocketError error, Boolean disconnectOnFailure, String callerName)
   at System.Net.Sockets.Socket.DoBind(EndPoint endPointSnapshot, SocketAddress socketAddress)
   at System.Net.Sockets.Socket.Bind(EndPoint localEP)
   at Nacos.V2.Naming.Core.PushReceiver.RunAsync()
2026-06-24 19:53:44.548 +08:00 [ERR] failed to start udp server 2, 55545
System.Net.Sockets.SocketException (10048): 通常每个套接字地址(协议/网络地址/端口)只允许使用一次。
   at System.Net.Sockets.Socket.UpdateStatusAfterSocketErrorAndThrowException(SocketError error, Boolean disconnectOnFailure, String callerName)
   at System.Net.Sockets.Socket.DoBind(EndPoint endPointSnapshot, SocketAddress socketAddress)
   at System.Net.Sockets.Socket.Bind(EndPoint localEP)
   at Nacos.V2.Naming.Core.PushReceiver.RunAsync()
2026-06-24 19:53:44.551 +08:00 [ERR] failed to start udp server 3, 55545
System.Net.Sockets.SocketException (10048): 通常每个套接字地址(协议/网络地址/端口)只允许使用一次。
   at System.Net.Sockets.Socket.UpdateStatusAfterSocketErrorAndThrowException(SocketError error, Boolean disconnectOnFailure, String callerName)
   at System.Net.Sockets.Socket.DoBind(EndPoint endPointSnapshot, SocketAddress socketAddress)
   at System.Net.Sockets.Socket.Bind(EndPoint localEP)
   at Nacos.V2.Naming.Core.PushReceiver.RunAsync()
2026-06-24 19:53:44.614 +08:00 [INF] register instance to nacos server, 【Instance{instanceId='', ip='127.0.0.1', port=5002, weight=100, healthy=True, enabled=True, ephemeral=True, clusterName='DEFAULT', serviceName='ServiceCityB', metadata={"preserved.register.source":"ASPNET_CORE","DOTNET_VERSION":"8.0.28","HOST_OS":"Microsoft Windows NT 10.0.19045.0"}}】
2026-06-24 19:53:44.616 +08:00 [INF] [REGISTER-SERVICE] dev registering service ServiceCityB with instance: Instance{instanceId='', ip='127.0.0.1', port=5002, weight=100, healthy=True, enabled=True, ephemeral=True, clusterName='DEFAULT', serviceName='ServiceCityB', metadata={"preserved.register.source":"ASPNET_CORE","DOTNET_VERSION":"8.0.28","HOST_OS":"Microsoft Windows NT 10.0.19045.0"}}
2026-06-24 19:53:44.618 +08:00 [INF] [BEAT] adding beat: BeatInfo{port=5002, ip='127.0.0.1', weight=100, serviceName='DEFAULT_GROUP@@ServiceCityB', cluster='DEFAULT', metadata={"preserved.register.source":"ASPNET_CORE","DOTNET_VERSION":"8.0.28","HOST_OS":"Microsoft Windows NT 10.0.19045.0"}, scheduled=False, period=5000, stopped=False} to beat map.
2026-06-24 19:53:44.632 +08:00 [INF] 心跳后台服务已启动
2026-06-24 19:53:45.452 +08:00 [INF] ServiceCityB 心跳发送成功
2026-06-24 19:53:49.879 +08:00 [INF] HTTP GET /health responded 200 in 15.0635 ms
2026-06-24 19:53:55.538 +08:00 [INF] ServiceCityB 心跳发送成功
2026-06-24 19:53:59.901 +08:00 [INF] HTTP GET /health responded 200 in 3.0137 ms
2026-06-24 19:54:05.567 +08:00 [INF] ServiceCityB 心跳发送成功
2026-06-24 19:54:09.913 +08:00 [INF] HTTP GET /health responded 200 in 0.0963 ms
2026-06-24 19:54:15.595 +08:00 [INF] ServiceCityB 心跳发送成功
2026-06-24 19:54:19.922 +08:00 [INF] HTTP GET /health responded 200 in 0.3170 ms
2026-06-24 19:54:25.616 +08:00 [INF] ServiceCityB 心跳发送成功
2026-06-24 19:54:29.940 +08:00 [INF] HTTP GET /health responded 200 in 0.1153 ms
2026-06-24 19:54:35.635 +08:00 [INF] ServiceCityB 心跳发送成功
2026-06-24 19:54:39.942 +08:00 [INF] HTTP GET /health responded 200 in 0.1676 ms
2026-06-24 19:54:40.257 +08:00 [INF] HTTP GET /health responded 200 in 0.0733 ms
2026-06-24 19:54:45.675 +08:00 [INF] ServiceCityB 心跳发送成功
2026-06-24 19:54:49.950 +08:00 [INF] HTTP GET /health responded 200 in 0.0673 ms
2026-06-24 19:54:55.701 +08:00 [INF] ServiceCityB 心跳发送成功
2026-06-24 19:54:59.966 +08:00 [INF] HTTP GET /health responded 200 in 0.1454 ms
2026-06-24 19:55:05.735 +08:00 [INF] ServiceCityB 心跳发送成功
2026-06-24 19:55:07.080 +08:00 [INF] HTTP GET /health responded 200 in 0.1063 ms
2026-06-24 19:55:09.978 +08:00 [INF] HTTP GET /health responded 200 in 0.3607 ms
2026-06-24 19:55:15.771 +08:00 [INF] ServiceCityB 心跳发送成功
2026-06-24 19:55:19.981 +08:00 [INF] HTTP GET /health responded 200 in 0.1033 ms
2026-06-24 19:55:25.805 +08:00 [INF] ServiceCityB 心跳发送成功
2026-06-24 19:55:29.994 +08:00 [INF] HTTP GET /health responded 200 in 0.1522 ms
2026-06-24 19:55:35.828 +08:00 [INF] ServiceCityB 心跳发送成功
2026-06-24 19:55:39.997 +08:00 [INF] HTTP GET /health responded 200 in 0.1290 ms
2026-06-24 19:55:45.845 +08:00 [INF] ServiceCityB 心跳发送成功
2026-06-24 19:55:49.999 +08:00 [INF] HTTP GET /health responded 200 in 0.0722 ms
2026-06-24 19:55:55.876 +08:00 [INF] ServiceCityB 心跳发送成功
2026-06-24 19:56:00.012 +08:00 [INF] HTTP GET /health responded 200 in 0.1360 ms
2026-06-24 19:56:05.902 +08:00 [INF] ServiceCityB 心跳发送成功
2026-06-24 19:56:10.018 +08:00 [INF] HTTP GET /health responded 200 in 0.0679 ms
2026-06-24 19:56:15.920 +08:00 [INF] ServiceCityB 心跳发送成功
2026-06-24 19:56:20.022 +08:00 [INF] HTTP GET /health responded 200 in 0.0704 ms
2026-06-24 19:56:25.940 +08:00 [INF] ServiceCityB 心跳发送成功
2026-06-24 19:56:27.234 +08:00 [INF] HTTP GET /api/settlement/submit responded 200 in 52.7703 ms
2026-06-24 19:56:30.025 +08:00 [INF] HTTP GET /health responded 200 in 0.1285 ms
2026-06-24 19:56:35.967 +08:00 [INF] ServiceCityB 心跳发送成功
2026-06-24 19:56:40.032 +08:00 [INF] HTTP GET /health responded 200 in 0.1567 ms
2026-06-24 19:56:45.987 +08:00 [INF] ServiceCityB 心跳发送成功
2026-06-24 19:56:50.047 +08:00 [INF] HTTP GET /health responded 200 in 0.1301 ms
2026-06-24 19:56:56.010 +08:00 [INF] ServiceCityB 心跳发送成功
2026-06-24 19:57:00.059 +08:00 [INF] HTTP GET /health responded 200 in 0.0858 ms
2026-06-24 19:57:06.036 +08:00 [INF] ServiceCityB 心跳发送成功
2026-06-24 19:57:10.081 +08:00 [INF] HTTP GET /health responded 200 in 0.1048 ms
2026-06-24 19:57:16.052 +08:00 [INF] ServiceCityB 心跳发送成功
2026-06-24 19:57:20.094 +08:00 [INF] HTTP GET /health responded 200 in 0.1195 ms
2026-06-24 19:57:26.061 +08:00 [INF] ServiceCityB 心跳发送成功
2026-06-24 19:57:36.083 +08:00 [INF] ServiceCityB 心跳发送成功
2026-06-24 19:57:46.146 +08:00 [INF] ServiceCityB 心跳发送成功
2026-06-24 19:57:56.173 +08:00 [INF] ServiceCityB 心跳发送成功
2026-06-24 19:58:06.196 +08:00 [INF] ServiceCityB 心跳发送成功
2026-06-24 19:58:16.213 +08:00 [INF] ServiceCityB 心跳发送成功
2026-06-24 19:58:26.223 +08:00 [INF] ServiceCityB 心跳发送成功
2026-06-24 19:58:36.242 +08:00 [INF] ServiceCityB 心跳发送成功
2026-06-24 19:58:46.275 +08:00 [INF] ServiceCityB 心跳发送成功
2026-06-24 19:58:56.291 +08:00 [INF] ServiceCityB 心跳发送成功
2026-06-24 19:59:06.307 +08:00 [INF] ServiceCityB 心跳发送成功
2026-06-24 19:59:16.317 +08:00 [INF] ServiceCityB 心跳发送成功
2026-06-24 19:59:26.346 +08:00 [INF] ServiceCityB 心跳发送成功
2026-06-24 19:59:36.365 +08:00 [INF] ServiceCityB 心跳发送成功
2026-06-24 19:59:46.395 +08:00 [INF] ServiceCityB 心跳发送成功
2026-06-24 19:59:56.417 +08:00 [INF] ServiceCityB 心跳发送成功
2026-06-24 20:00:06.435 +08:00 [INF] ServiceCityB 心跳发送成功
2026-06-24 20:00:16.468 +08:00 [INF] ServiceCityB 心跳发送成功
2026-06-24 20:00:21.583 +08:00 [INF] HTTP GET /health responded 200 in 0.0738 ms
2026-06-24 20:00:26.482 +08:00 [INF] ServiceCityB 心跳发送成功
2026-06-24 20:00:36.496 +08:00 [INF] ServiceCityB 心跳发送成功
2026-06-24 20:00:46.527 +08:00 [INF] ServiceCityB 心跳发送成功
2026-06-24 20:00:56.556 +08:00 [INF] ServiceCityB 心跳发送成功
2026-06-24 20:01:06.579 +08:00 [INF] ServiceCityB 心跳发送成功
2026-06-24 20:01:16.605 +08:00 [INF] ServiceCityB 心跳发送成功
2026-06-24 20:01:26.642 +08:00 [INF] ServiceCityB 心跳发送成功
2026-06-24 20:01:36.657 +08:00 [INF] ServiceCityB 心跳发送成功
2026-06-24 20:01:42.093 +08:00 [INF] HTTP GET /health responded 200 in 0.2226 ms
2026-06-24 20:01:46.680 +08:00 [INF] ServiceCityB 心跳发送成功
2026-06-24 20:01:52.143 +08:00 [INF] HTTP GET /health responded 200 in 0.0641 ms
2026-06-24 20:01:56.720 +08:00 [INF] ServiceCityB 心跳发送成功
2026-06-24 20:02:00.207 +08:00 [INF] HTTP GET /health responded 200 in 0.0656 ms
2026-06-24 20:02:02.157 +08:00 [INF] HTTP GET /health responded 200 in 0.6345 ms
2026-06-24 20:02:06.733 +08:00 [INF] ServiceCityB 心跳发送成功
2026-06-24 20:02:12.183 +08:00 [INF] HTTP GET /health responded 200 in 0.2890 ms
2026-06-24 20:02:16.748 +08:00 [INF] ServiceCityB 心跳发送成功
2026-06-24 20:02:17.935 +08:00 [INF] HTTP GET /health responded 200 in 0.0988 ms
2026-06-24 20:02:22.212 +08:00 [INF] HTTP GET /health responded 200 in 0.0674 ms
2026-06-24 20:02:26.764 +08:00 [INF] ServiceCityB 心跳发送成功
2026-06-24 20:02:32.220 +08:00 [INF] HTTP GET /health responded 200 in 0.0776 ms
2026-06-24 20:02:36.785 +08:00 [INF] ServiceCityB 心跳发送成功
2026-06-24 20:02:42.234 +08:00 [INF] HTTP GET /health responded 200 in 0.0619 ms
2026-06-24 20:02:45.466 +08:00 [INF] HTTP GET /health responded 200 in 0.0460 ms
2026-06-24 20:02:46.799 +08:00 [INF] ServiceCityB 心跳发送成功
2026-06-24 20:02:52.245 +08:00 [INF] HTTP GET /health responded 200 in 0.1481 ms
2026-06-24 20:02:56.821 +08:00 [INF] ServiceCityB 心跳发送成功
2026-06-24 20:03:02.268 +08:00 [INF] HTTP GET /health responded 200 in 0.1042 ms
2026-06-24 20:03:06.839 +08:00 [INF] ServiceCityB 心跳发送成功
2026-06-24 20:03:12.284 +08:00 [INF] HTTP GET /health responded 200 in 0.1283 ms
2026-06-24 20:03:16.856 +08:00 [INF] ServiceCityB 心跳发送成功
2026-06-24 20:03:22.293 +08:00 [INF] HTTP GET /health responded 200 in 0.1068 ms
2026-06-24 20:03:26.888 +08:00 [INF] ServiceCityB 心跳发送成功
2026-06-24 20:03:32.313 +08:00 [INF] HTTP GET /health responded 200 in 0.2264 ms
2026-06-24 20:03:36.917 +08:00 [INF] ServiceCityB 心跳发送成功
2026-06-24 20:03:42.333 +08:00 [INF] HTTP GET /health responded 200 in 0.0528 ms
2026-06-24 20:03:46.931 +08:00 [INF] ServiceCityB 心跳发送成功
2026-06-24 20:03:52.351 +08:00 [INF] HTTP GET /health responded 200 in 0.0773 ms
2026-06-24 20:03:56.960 +08:00 [INF] ServiceCityB 心跳发送成功
2026-06-24 20:04:02.372 +08:00 [INF] HTTP GET /health responded 200 in 0.1174 ms
2026-06-24 20:04:06.989 +08:00 [INF] ServiceCityB 心跳发送成功
2026-06-24 20:04:12.392 +08:00 [INF] HTTP GET /health responded 200 in 0.0737 ms
2026-06-24 20:04:17.019 +08:00 [INF] ServiceCityB 心跳发送成功
2026-06-24 20:04:22.407 +08:00 [INF] HTTP GET /health responded 200 in 0.1354 ms
2026-06-24 20:04:27.047 +08:00 [INF] ServiceCityB 心跳发送成功
2026-06-24 20:04:32.428 +08:00 [INF] HTTP GET /health responded 200 in 0.0769 ms
2026-06-24 20:04:37.066 +08:00 [INF] ServiceCityB 心跳发送成功
2026-06-24 20:04:38.778 +08:00 [INF] HTTP GET /health responded 200 in 0.1037 ms
2026-06-24 20:04:38.843 +08:00 [INF] HTTP GET /api/heartbeat/status responded 200 in 26.5788 ms
2026-06-24 20:04:42.443 +08:00 [INF] HTTP GET /health responded 200 in 0.1111 ms
2026-06-24 20:04:47.085 +08:00 [INF] ServiceCityB 心跳发送成功
2026-06-24 20:04:52.458 +08:00 [INF] HTTP GET /health responded 200 in 0.1204 ms
2026-06-24 20:04:57.103 +08:00 [INF] ServiceCityB 心跳发送成功
2026-06-24 20:05:02.472 +08:00 [INF] HTTP GET /health responded 200 in 0.0566 ms
2026-06-24 20:05:07.110 +08:00 [INF] ServiceCityB 心跳发送成功
2026-06-24 20:05:12.487 +08:00 [INF] HTTP GET /health responded 200 in 0.1393 ms
2026-06-24 20:05:17.118 +08:00 [INF] ServiceCityB 心跳发送成功
2026-06-24 20:05:22.500 +08:00 [INF] HTTP GET /health responded 200 in 0.0973 ms
2026-06-24 20:05:27.138 +08:00 [INF] ServiceCityB 心跳发送成功
2026-06-24 20:05:32.515 +08:00 [INF] HTTP GET /health responded 200 in 0.0384 ms
2026-06-24 20:05:37.145 +08:00 [INF] ServiceCityB 心跳发送成功
2026-06-24 20:05:42.519 +08:00 [INF] HTTP GET /health responded 200 in 0.0693 ms
2026-06-24 20:05:47.169 +08:00 [INF] ServiceCityB 心跳发送成功
2026-06-24 20:05:52.539 +08:00 [INF] HTTP GET /health responded 200 in 0.0408 ms
2026-06-24 20:05:57.187 +08:00 [INF] ServiceCityB 心跳发送成功
2026-06-24 20:06:02.548 +08:00 [INF] HTTP GET /health responded 200 in 0.0672 ms
2026-06-24 20:06:07.221 +08:00 [INF] ServiceCityB 心跳发送成功
2026-06-24 20:06:12.557 +08:00 [INF] HTTP GET /health responded 200 in 0.0657 ms
2026-06-24 20:06:17.245 +08:00 [INF] ServiceCityB 心跳发送成功
2026-06-24 20:06:22.562 +08:00 [INF] HTTP GET /health responded 200 in 0.0803 ms
2026-06-24 20:06:27.262 +08:00 [INF] ServiceCityB 心跳发送成功
2026-06-24 20:06:32.566 +08:00 [INF] HTTP GET /health responded 200 in 0.1020 ms
2026-06-24 20:06:37.274 +08:00 [INF] ServiceCityB 心跳发送成功
2026-06-24 20:06:42.579 +08:00 [INF] HTTP GET /health responded 200 in 0.1662 ms
2026-06-24 20:06:46.012 +08:00 [INF] HTTP GET /health responded 200 in 0.3663 ms
2026-06-24 20:06:46.052 +08:00 [INF] HTTP GET /api/heartbeat/status responded 200 in 5.9585 ms
2026-06-24 20:06:47.289 +08:00 [INF] ServiceCityB 心跳发送成功
2026-06-24 20:06:52.586 +08:00 [INF] HTTP GET /health responded 200 in 0.1889 ms
2026-06-24 20:06:57.327 +08:00 [INF] ServiceCityB 心跳发送成功
2026-06-24 20:07:02.601 +08:00 [INF] HTTP GET /health responded 200 in 0.0628 ms
2026-06-24 20:07:07.359 +08:00 [INF] ServiceCityB 心跳发送成功
2026-06-24 20:07:12.610 +08:00 [INF] HTTP GET /health responded 200 in 0.0573 ms
2026-06-24 20:07:17.372 +08:00 [INF] ServiceCityB 心跳发送成功
2026-06-24 20:07:22.615 +08:00 [INF] HTTP GET /health responded 200 in 0.0363 ms
2026-06-24 20:07:27.391 +08:00 [INF] ServiceCityB 心跳发送成功
2026-06-24 20:07:32.633 +08:00 [INF] HTTP GET /health responded 200 in 0.0241 ms
2026-06-24 20:07:37.405 +08:00 [INF] ServiceCityB 心跳发送成功
2026-06-24 20:07:42.649 +08:00 [INF] HTTP GET /health responded 200 in 0.0421 ms
2026-06-24 20:07:47.437 +08:00 [INF] ServiceCityB 心跳发送成功
2026-06-24 20:07:52.291 +08:00 [INF] HTTP GET /health responded 200 in 0.0261 ms
2026-06-24 20:07:52.303 +08:00 [INF] HTTP GET /api/heartbeat/status responded 200 in 1.3685 ms
2026-06-24 20:07:52.663 +08:00 [INF] HTTP GET /health responded 200 in 0.0692 ms
2026-06-24 20:07:57.456 +08:00 [INF] ServiceCityB 心跳发送成功
2026-06-24 20:08:02.685 +08:00 [INF] HTTP GET /health responded 200 in 0.0263 ms
2026-06-24 20:08:07.475 +08:00 [INF] ServiceCityB 心跳发送成功
2026-06-24 20:08:12.699 +08:00 [INF] HTTP GET /health responded 200 in 0.0647 ms
2026-06-24 20:08:17.512 +08:00 [INF] ServiceCityB 心跳发送成功
2026-06-24 20:08:22.719 +08:00 [INF] HTTP GET /health responded 200 in 0.0320 ms
2026-06-24 20:08:27.540 +08:00 [INF] ServiceCityB 心跳发送成功
2026-06-24 20:08:32.732 +08:00 [INF] HTTP GET /health responded 200 in 0.0512 ms
2026-06-24 20:08:37.560 +08:00 [INF] ServiceCityB 心跳发送成功
2026-06-24 20:08:42.749 +08:00 [INF] HTTP GET /health responded 200 in 0.0716 ms
2026-06-24 20:08:47.592 +08:00 [INF] ServiceCityB 心跳发送成功
2026-06-24 20:08:52.766 +08:00 [INF] HTTP GET /health responded 200 in 0.0499 ms
2026-06-24 20:08:57.612 +08:00 [INF] ServiceCityB 心跳发送成功
2026-06-24 20:08:59.759 +08:00 [INF] HTTP GET /health responded 200 in 0.0275 ms
2026-06-24 20:08:59.770 +08:00 [INF] HTTP GET /api/heartbeat/status responded 200 in 1.4699 ms
2026-06-24 20:09:02.773 +08:00 [INF] HTTP GET /health responded 200 in 0.0675 ms
2026-06-24 20:09:07.630 +08:00 [INF] ServiceCityB 心跳发送成功
2026-06-24 20:09:12.793 +08:00 [INF] HTTP GET /health responded 200 in 0.0850 ms
2026-06-24 20:09:17.651 +08:00 [INF] ServiceCityB 心跳发送成功
2026-06-24 20:09:22.813 +08:00 [INF] HTTP GET /health responded 200 in 0.0688 ms
2026-06-24 20:09:27.675 +08:00 [INF] ServiceCityB 心跳发送成功
2026-06-24 20:09:32.832 +08:00 [INF] HTTP GET /health responded 200 in 0.0693 ms
2026-06-24 20:09:37.693 +08:00 [INF] ServiceCityB 心跳发送成功
2026-06-24 20:09:42.849 +08:00 [INF] HTTP GET /health responded 200 in 0.0249 ms
2026-06-24 20:09:47.700 +08:00 [INF] ServiceCityB 心跳发送成功
2026-06-24 20:09:52.861 +08:00 [INF] HTTP GET /health responded 200 in 0.1480 ms
2026-06-24 20:09:57.726 +08:00 [INF] ServiceCityB 心跳发送成功
2026-06-24 20:10:02.876 +08:00 [INF] HTTP GET /health responded 200 in 0.2673 ms
2026-06-24 20:10:07.758 +08:00 [INF] ServiceCityB 心跳发送成功
2026-06-24 20:10:12.894 +08:00 [INF] HTTP GET /health responded 200 in 0.0630 ms
2026-06-24 20:10:17.792 +08:00 [INF] ServiceCityB 心跳发送成功
2026-06-24 20:10:22.913 +08:00 [INF] HTTP GET /health responded 200 in 0.0218 ms
2026-06-24 20:10:23.268 +08:00 [INF] HTTP GET /health responded 200 in 0.0246 ms
2026-06-24 20:10:23.279 +08:00 [INF] HTTP GET /api/heartbeat/status responded 200 in 1.5655 ms
2026-06-24 20:10:27.810 +08:00 [INF] ServiceCityB 心跳发送成功
2026-06-24 20:10:31.875 +08:00 [INF] HTTP GET /health responded 200 in 0.0239 ms
2026-06-24 20:10:31.878 +08:00 [INF] HTTP GET /api/heartbeat/status responded 200 in 1.6430 ms
2026-06-24 20:10:32.921 +08:00 [INF] HTTP GET /health responded 200 in 0.0398 ms
2026-06-24 20:10:37.841 +08:00 [INF] ServiceCityB 心跳发送成功
2026-06-24 20:10:42.931 +08:00 [INF] HTTP GET /health responded 200 in 0.0540 ms
2026-06-24 20:10:47.861 +08:00 [INF] ServiceCityB 心跳发送成功
2026-06-24 20:10:52.941 +08:00 [INF] HTTP GET /health responded 200 in 0.0429 ms
2026-06-24 20:10:57.876 +08:00 [INF] ServiceCityB 心跳发送成功
2026-06-24 20:11:02.952 +08:00 [INF] HTTP GET /health responded 200 in 0.0652 ms
2026-06-24 20:11:07.889 +08:00 [INF] ServiceCityB 心跳发送成功
2026-06-24 20:11:12.966 +08:00 [INF] HTTP GET /health responded 200 in 0.0588 ms
2026-06-24 20:11:17.896 +08:00 [INF] ServiceCityB 心跳发送成功
2026-06-24 20:11:22.975 +08:00 [INF] HTTP GET /health responded 200 in 0.0167 ms
2026-06-24 20:11:27.918 +08:00 [INF] ServiceCityB 心跳发送成功
2026-06-24 20:11:32.980 +08:00 [INF] HTTP GET /health responded 200 in 0.0424 ms
2026-06-24 20:11:37.931 +08:00 [INF] ServiceCityB 心跳发送成功
2026-06-24 20:11:42.991 +08:00 [INF] HTTP GET /health responded 200 in 0.0269 ms
2026-06-24 20:11:47.941 +08:00 [INF] ServiceCityB 心跳发送成功
2026-06-24 20:11:49.831 +08:00 [INF] HTTP GET /health responded 200 in 0.0289 ms
2026-06-24 20:11:49.839 +08:00 [INF] HTTP GET /api/heartbeat/status responded 200 in 4.1047 ms
2026-06-24 20:11:52.996 +08:00 [INF] HTTP GET /health responded 200 in 0.0320 ms
2026-06-24 20:11:56.724 +08:00 [INF] HTTP GET /health responded 200 in 0.0242 ms
2026-06-24 20:11:56.729 +08:00 [INF] HTTP GET /api/heartbeat/status responded 200 in 2.0948 ms
2026-06-24 20:11:57.960 +08:00 [INF] ServiceCityB 心跳发送成功
2026-06-24 20:12:03.008 +08:00 [INF] HTTP GET /health responded 200 in 0.0235 ms
2026-06-24 20:12:07.977 +08:00 [INF] ServiceCityB 心跳发送成功
2026-06-24 20:12:13.017 +08:00 [INF] HTTP GET /health responded 200 in 0.0356 ms
2026-06-24 20:12:17.986 +08:00 [INF] ServiceCityB 心跳发送成功
2026-06-24 20:12:23.025 +08:00 [INF] HTTP GET /health responded 200 in 0.0324 ms
2026-06-24 20:12:28.011 +08:00 [INF] ServiceCityB 心跳发送成功
2026-06-24 20:12:33.031 +08:00 [INF] HTTP GET /health responded 200 in 0.0177 ms
2026-06-24 20:12:38.021 +08:00 [INF] ServiceCityB 心跳发送成功
2026-06-24 20:12:43.046 +08:00 [INF] HTTP GET /health responded 200 in 0.0230 ms
2026-06-24 20:12:48.034 +08:00 [INF] ServiceCityB 心跳发送成功
2026-06-24 20:12:53.049 +08:00 [INF] HTTP GET /health responded 200 in 0.0229 ms
2026-06-24 20:12:58.065 +08:00 [INF] ServiceCityB 心跳发送成功
2026-06-24 20:13:03.063 +08:00 [INF] HTTP GET /health responded 200 in 0.0478 ms
2026-06-24 20:13:08.077 +08:00 [INF] ServiceCityB 心跳发送成功
2026-06-24 20:13:13.074 +08:00 [INF] HTTP GET /health responded 200 in 0.0351 ms
2026-06-24 20:13:14.320 +08:00 [INF] HTTP GET /health responded 200 in 0.0216 ms
2026-06-24 20:13:14.324 +08:00 [INF] HTTP GET /api/heartbeat/status responded 200 in 1.8477 ms
2026-06-24 20:13:14.888 +08:00 [INF] HTTP GET /health responded 200 in 0.0286 ms
2026-06-24 20:13:14.893 +08:00 [INF] HTTP GET /api/heartbeat/status responded 200 in 1.9460 ms
2026-06-24 20:13:18.091 +08:00 [INF] ServiceCityB 心跳发送成功
2026-06-24 20:13:23.080 +08:00 [INF] HTTP GET /health responded 200 in 0.0314 ms
2026-06-24 20:13:28.097 +08:00 [INF] ServiceCityB 心跳发送成功
2026-06-24 20:13:33.098 +08:00 [INF] HTTP GET /health responded 200 in 0.0833 ms
2026-06-24 20:13:38.124 +08:00 [INF] ServiceCityB 心跳发送成功
2026-06-24 20:13:43.113 +08:00 [INF] HTTP GET /health responded 200 in 0.0450 ms
2026-06-24 20:13:48.144 +08:00 [INF] ServiceCityB 心跳发送成功
2026-06-24 20:13:53.119 +08:00 [INF] HTTP GET /health responded 200 in 0.0740 ms
2026-06-24 20:13:58.170 +08:00 [INF] ServiceCityB 心跳发送成功
2026-06-24 20:14:03.142 +08:00 [INF] HTTP GET /health responded 200 in 0.0324 ms
2026-06-24 20:14:08.178 +08:00 [INF] ServiceCityB 心跳发送成功
2026-06-24 20:14:13.158 +08:00 [INF] HTTP GET /health responded 200 in 0.0231 ms
2026-06-24 20:14:18.198 +08:00 [INF] ServiceCityB 心跳发送成功
2026-06-24 20:14:23.172 +08:00 [INF] HTTP GET /health responded 200 in 0.0324 ms
2026-06-24 20:14:28.219 +08:00 [INF] ServiceCityB 心跳发送成功
2026-06-24 20:14:33.178 +08:00 [INF] HTTP GET /health responded 200 in 0.0369 ms
2026-06-24 20:14:38.243 +08:00 [INF] ServiceCityB 心跳发送成功
2026-06-24 20:14:43.194 +08:00 [INF] HTTP GET /health responded 200 in 0.0303 ms
2026-06-24 20:14:48.270 +08:00 [INF] ServiceCityB 心跳发送成功
2026-06-24 20:14:53.196 +08:00 [INF] HTTP GET /health responded 200 in 0.0253 ms
2026-06-24 20:14:58.289 +08:00 [INF] ServiceCityB 心跳发送成功
2026-06-24 20:15:03.210 +08:00 [INF] HTTP GET /health responded 200 in 0.0512 ms
2026-06-24 20:15:08.309 +08:00 [INF] ServiceCityB 心跳发送成功
2026-06-24 20:15:13.222 +08:00 [INF] HTTP GET /health responded 200 in 0.0322 ms
2026-06-24 20:15:18.317 +08:00 [INF] ServiceCityB 心跳发送成功
2026-06-24 20:15:23.227 +08:00 [INF] HTTP GET /health responded 200 in 0.0369 ms
2026-06-24 20:15:28.350 +08:00 [INF] ServiceCityB 心跳发送成功
2026-06-24 20:15:33.233 +08:00 [INF] HTTP GET /health responded 200 in 0.0571 ms
2026-06-24 20:15:38.373 +08:00 [INF] ServiceCityB 心跳发送成功
2026-06-24 20:15:43.248 +08:00 [INF] HTTP GET /health responded 200 in 0.0414 ms
2026-06-24 20:15:48.391 +08:00 [INF] ServiceCityB 心跳发送成功
2026-06-24 20:15:53.266 +08:00 [INF] HTTP GET /health responded 200 in 0.0376 ms
2026-06-24 20:15:58.403 +08:00 [INF] ServiceCityB 心跳发送成功
2026-06-24 20:16:03.283 +08:00 [INF] HTTP GET /health responded 200 in 0.0233 ms
2026-06-24 20:16:08.414 +08:00 [INF] ServiceCityB 心跳发送成功
2026-06-24 20:16:13.292 +08:00 [INF] HTTP GET /health responded 200 in 0.0367 ms
2026-06-24 20:16:18.429 +08:00 [INF] ServiceCityB 心跳发送成功
2026-06-24 20:16:23.307 +08:00 [INF] HTTP GET /health responded 200 in 0.0232 ms
2026-06-24 20:16:28.436 +08:00 [INF] ServiceCityB 心跳发送成功
2026-06-24 20:16:33.320 +08:00 [INF] HTTP GET /health responded 200 in 0.0289 ms
2026-06-24 20:16:38.456 +08:00 [INF] ServiceCityB 心跳发送成功
2026-06-24 20:16:43.325 +08:00 [INF] HTTP GET /health responded 200 in 0.0212 ms
2026-06-24 20:16:48.480 +08:00 [INF] ServiceCityB 心跳发送成功
2026-06-24 20:16:53.336 +08:00 [INF] HTTP GET /health responded 200 in 0.0663 ms
2026-06-24 20:16:58.509 +08:00 [INF] ServiceCityB 心跳发送成功
2026-06-24 20:16:58.584 +08:00 [INF] HTTP GET /health responded 200 in 0.0246 ms
2026-06-24 20:16:58.587 +08:00 [INF] HTTP GET /api/heartbeat/status responded 200 in 1.4701 ms
2026-06-24 20:17:03.352 +08:00 [INF] HTTP GET /health responded 200 in 0.0322 ms
2026-06-24 20:17:08.530 +08:00 [INF] ServiceCityB 心跳发送成功
2026-06-24 20:17:13.359 +08:00 [INF] HTTP GET /health responded 200 in 0.0229 ms
2026-06-24 20:17:18.548 +08:00 [INF] ServiceCityB 心跳发送成功
2026-06-24 20:17:23.368 +08:00 [INF] HTTP GET /health responded 200 in 0.0605 ms
2026-06-24 20:17:28.583 +08:00 [INF] ServiceCityB 心跳发送成功
2026-06-24 20:17:33.383 +08:00 [INF] HTTP GET /health responded 200 in 0.0262 ms
2026-06-24 20:17:38.608 +08:00 [INF] ServiceCityB 心跳发送成功
2026-06-24 20:17:43.392 +08:00 [INF] HTTP GET /health responded 200 in 0.0833 ms
2026-06-24 20:17:48.629 +08:00 [INF] ServiceCityB 心跳发送成功
2026-06-24 20:17:53.406 +08:00 [INF] HTTP GET /health responded 200 in 0.0249 ms
2026-06-24 20:17:58.651 +08:00 [INF] ServiceCityB 心跳发送成功
2026-06-24 20:18:03.418 +08:00 [INF] HTTP GET /health responded 200 in 0.0873 ms
2026-06-24 20:18:08.677 +08:00 [INF] ServiceCityB 心跳发送成功
2026-06-24 20:18:13.433 +08:00 [INF] HTTP GET /health responded 200 in 0.0465 ms
2026-06-24 20:18:18.700 +08:00 [INF] ServiceCityB 心跳发送成功
2026-06-24 20:18:23.452 +08:00 [INF] HTTP GET /health responded 200 in 0.1287 ms
2026-06-24 20:18:28.717 +08:00 [INF] ServiceCityB 心跳发送成功
2026-06-24 20:18:33.466 +08:00 [INF] HTTP GET /health responded 200 in 0.0231 ms
2026-06-24 20:18:38.736 +08:00 [INF] ServiceCityB 心跳发送成功
2026-06-24 20:18:43.479 +08:00 [INF] HTTP GET /health responded 200 in 0.2300 ms
2026-06-24 20:18:48.754 +08:00 [INF] ServiceCityB 心跳发送成功
2026-06-24 20:18:53.491 +08:00 [INF] HTTP GET /health responded 200 in 0.0280 ms
2026-06-24 20:18:58.762 +08:00 [INF] ServiceCityB 心跳发送成功
2026-06-24 20:19:03.505 +08:00 [INF] HTTP GET /health responded 200 in 0.1599 ms
2026-06-24 20:19:08.774 +08:00 [INF] ServiceCityB 心跳发送成功
2026-06-24 20:19:13.521 +08:00 [INF] HTTP GET /health responded 200 in 0.0607 ms
2026-06-24 20:19:18.797 +08:00 [INF] ServiceCityB 心跳发送成功
2026-06-24 20:19:23.528 +08:00 [INF] HTTP GET /health responded 200 in 0.0673 ms
2026-06-24 20:19:28.807 +08:00 [INF] ServiceCityB 心跳发送成功
2026-06-24 20:19:33.538 +08:00 [INF] HTTP GET /health responded 200 in 0.0361 ms
2026-06-24 20:19:34.017 +08:00 [INF] HTTP GET /health responded 200 in 0.0295 ms
2026-06-24 20:19:34.021 +08:00 [INF] HTTP GET /api/heartbeat/status responded 200 in 2.2966 ms
2026-06-24 20:19:38.823 +08:00 [INF] ServiceCityB 心跳发送成功
2026-06-24 20:19:43.546 +08:00 [INF] HTTP GET /health responded 200 in 0.0184 ms
2026-06-24 20:19:48.841 +08:00 [INF] ServiceCityB 心跳发送成功
2026-06-24 20:19:53.561 +08:00 [INF] HTTP GET /health responded 200 in 0.0557 ms
2026-06-24 20:19:58.868 +08:00 [INF] ServiceCityB 心跳发送成功
2026-06-24 20:20:03.573 +08:00 [INF] HTTP GET /health responded 200 in 0.1456 ms
2026-06-24 20:20:08.904 +08:00 [INF] ServiceCityB 心跳发送成功
2026-06-24 20:20:13.592 +08:00 [INF] HTTP GET /health responded 200 in 0.0513 ms
2026-06-24 20:20:18.922 +08:00 [INF] ServiceCityB 心跳发送成功
2026-06-24 20:20:23.599 +08:00 [INF] HTTP GET /health responded 200 in 0.0313 ms
2026-06-24 20:20:28.945 +08:00 [INF] ServiceCityB 心跳发送成功
2026-06-24 20:20:33.612 +08:00 [INF] HTTP GET /health responded 200 in 0.0341 ms
2026-06-24 20:20:38.966 +08:00 [INF] ServiceCityB 心跳发送成功
2026-06-24 20:20:43.615 +08:00 [INF] HTTP GET /health responded 200 in 0.0324 ms
2026-06-24 20:20:48.992 +08:00 [INF] ServiceCityB 心跳发送成功
2026-06-24 20:20:53.631 +08:00 [INF] HTTP GET /health responded 200 in 0.0344 ms
2026-06-24 20:20:59.012 +08:00 [INF] ServiceCityB 心跳发送成功
2026-06-24 20:21:03.649 +08:00 [INF] HTTP GET /health responded 200 in 0.0380 ms
2026-06-24 20:21:09.033 +08:00 [INF] ServiceCityB 心跳发送成功
2026-06-24 20:21:13.656 +08:00 [INF] HTTP GET /health responded 200 in 0.0695 ms
2026-06-24 20:21:19.057 +08:00 [INF] ServiceCityB 心跳发送成功
2026-06-24 20:21:23.673 +08:00 [INF] HTTP GET /health responded 200 in 0.0185 ms
2026-06-24 20:21:29.076 +08:00 [INF] ServiceCityB 心跳发送成功
2026-06-24 20:21:33.682 +08:00 [INF] HTTP GET /health responded 200 in 0.0278 ms
2026-06-24 20:21:39.096 +08:00 [INF] ServiceCityB 心跳发送成功
2026-06-24 20:21:43.693 +08:00 [INF] HTTP GET /health responded 200 in 0.0187 ms
2026-06-24 20:21:49.111 +08:00 [INF] ServiceCityB 心跳发送成功
2026-06-24 20:21:53.705 +08:00 [INF] HTTP GET /health responded 200 in 0.0801 ms
2026-06-24 20:21:59.135 +08:00 [INF] ServiceCityB 心跳发送成功
2026-06-24 20:22:03.725 +08:00 [INF] HTTP GET /health responded 200 in 0.0442 ms
2026-06-24 20:22:09.162 +08:00 [INF] ServiceCityB 心跳发送成功
2026-06-24 20:22:13.730 +08:00 [INF] HTTP GET /health responded 200 in 0.0222 ms
2026-06-24 20:22:19.176 +08:00 [INF] ServiceCityB 心跳发送成功
2026-06-24 20:22:23.743 +08:00 [INF] HTTP GET /health responded 200 in 0.0198 ms
2026-06-24 20:22:29.198 +08:00 [INF] ServiceCityB 心跳发送成功
2026-06-24 20:22:33.755 +08:00 [INF] HTTP GET /health responded 200 in 0.0257 ms
2026-06-24 20:22:39.216 +08:00 [INF] ServiceCityB 心跳发送成功
2026-06-24 20:22:43.761 +08:00 [INF] HTTP GET /health responded 200 in 0.0282 ms
2026-06-24 20:22:49.234 +08:00 [INF] ServiceCityB 心跳发送成功
2026-06-24 20:22:53.768 +08:00 [INF] HTTP GET /health responded 200 in 0.0645 ms
2026-06-24 20:22:59.250 +08:00 [INF] ServiceCityB 心跳发送成功
2026-06-24 20:23:03.779 +08:00 [INF] HTTP GET /health responded 200 in 0.0216 ms
2026-06-24 20:23:09.265 +08:00 [INF] ServiceCityB 心跳发送成功
2026-06-24 20:23:13.791 +08:00 [INF] HTTP GET /health responded 200 in 0.0590 ms
2026-06-24 20:23:19.289 +08:00 [INF] ServiceCityB 心跳发送成功
2026-06-24 20:23:23.806 +08:00 [INF] HTTP GET /health responded 200 in 0.0410 ms
2026-06-24 20:23:29.305 +08:00 [INF] ServiceCityB 心跳发送成功
2026-06-24 20:23:33.812 +08:00 [INF] HTTP GET /health responded 200 in 0.0382 ms
2026-06-24 20:23:39.332 +08:00 [INF] ServiceCityB 心跳发送成功
2026-06-24 20:23:43.820 +08:00 [INF] HTTP GET /health responded 200 in 0.0420 ms
2026-06-24 20:23:49.363 +08:00 [INF] ServiceCityB 心跳发送成功
2026-06-24 20:23:53.834 +08:00 [INF] HTTP GET /health responded 200 in 0.0649 ms
2026-06-24 20:23:59.370 +08:00 [INF] ServiceCityB 心跳发送成功
2026-06-24 20:24:03.843 +08:00 [INF] HTTP GET /health responded 200 in 0.0993 ms
2026-06-24 20:24:09.397 +08:00 [INF] ServiceCityB 心跳发送成功
2026-06-24 20:24:13.856 +08:00 [INF] HTTP GET /health responded 200 in 0.0715 ms
2026-06-24 20:24:19.410 +08:00 [INF] ServiceCityB 心跳发送成功
2026-06-24 20:24:23.867 +08:00 [INF] HTTP GET /health responded 200 in 0.0221 ms
2026-06-24 20:24:29.426 +08:00 [INF] ServiceCityB 心跳发送成功
2026-06-24 20:24:33.870 +08:00 [INF] HTTP GET /health responded 200 in 0.0229 ms
2026-06-24 20:24:39.442 +08:00 [INF] ServiceCityB 心跳发送成功
2026-06-24 20:24:43.884 +08:00 [INF] HTTP GET /health responded 200 in 0.0188 ms
2026-06-24 20:24:49.453 +08:00 [INF] ServiceCityB 心跳发送成功
2026-06-24 20:24:53.890 +08:00 [INF] HTTP GET /health responded 200 in 0.0681 ms
2026-06-24 20:24:59.465 +08:00 [INF] ServiceCityB 心跳发送成功
2026-06-24 20:25:03.913 +08:00 [INF] HTTP GET /health responded 200 in 0.0245 ms
2026-06-24 20:25:09.491 +08:00 [INF] ServiceCityB 心跳发送成功
2026-06-24 20:25:13.922 +08:00 [INF] HTTP GET /health responded 200 in 0.0254 ms
2026-06-24 20:25:19.509 +08:00 [INF] ServiceCityB 心跳发送成功
2026-06-24 20:25:23.934 +08:00 [INF] HTTP GET /health responded 200 in 0.0640 ms
2026-06-24 20:25:29.530 +08:00 [INF] ServiceCityB 心跳发送成功
2026-06-24 20:25:33.936 +08:00 [INF] HTTP GET /health responded 200 in 0.0417 ms
2026-06-24 20:25:39.546 +08:00 [INF] ServiceCityB 心跳发送成功
2026-06-24 20:25:43.942 +08:00 [INF] HTTP GET /health responded 200 in 0.1882 ms
2026-06-24 20:25:49.558 +08:00 [INF] ServiceCityB 心跳发送成功
2026-06-24 20:25:53.947 +08:00 [INF] HTTP GET /health responded 200 in 0.0246 ms
2026-06-24 20:25:59.577 +08:00 [INF] ServiceCityB 心跳发送成功
2026-06-24 20:26:03.957 +08:00 [INF] HTTP GET /health responded 200 in 0.0229 ms
2026-06-24 20:26:09.590 +08:00 [INF] ServiceCityB 心跳发送成功
2026-06-24 20:26:13.968 +08:00 [INF] HTTP GET /health responded 200 in 0.0211 ms
2026-06-24 20:26:19.605 +08:00 [INF] ServiceCityB 心跳发送成功
2026-06-24 20:26:23.970 +08:00 [INF] HTTP GET /health responded 200 in 0.0346 ms
2026-06-24 20:26:29.634 +08:00 [INF] ServiceCityB 心跳发送成功
2026-06-24 20:26:33.989 +08:00 [INF] HTTP GET /health responded 200 in 0.0774 ms
2026-06-24 20:26:39.649 +08:00 [INF] ServiceCityB 心跳发送成功
2026-06-24 20:26:42.868 +08:00 [ERR] [NA] failed to request
System.Net.Http.HttpRequestException: 由于目标计算机积极拒绝，无法连接。 (localhost:8848)
 ---> System.Net.Sockets.SocketException (10061): 由于目标计算机积极拒绝，无法连接。
   at System.Net.Sockets.Socket.AwaitableSocketAsyncEventArgs.ThrowException(SocketError error, CancellationToken cancellationToken)
   at System.Net.Sockets.Socket.AwaitableSocketAsyncEventArgs.System.Threading.Tasks.Sources.IValueTaskSource.GetResult(Int16 token)
   at System.Net.Sockets.Socket.<ConnectAsync>g__WaitForConnectWithCancellation|285_0(AwaitableSocketAsyncEventArgs saea, ValueTask connectTask, CancellationToken cancellationToken)
   at System.Net.Http.HttpConnectionPool.ConnectToTcpHostAsync(String host, Int32 port, HttpRequestMessage initialRequest, Boolean async, CancellationToken cancellationToken)
   --- End of inner exception stack trace ---
   at System.Net.Http.HttpConnectionPool.ConnectToTcpHostAsync(String host, Int32 port, HttpRequestMessage initialRequest, Boolean async, CancellationToken cancellationToken)
   at System.Net.Http.HttpConnectionPool.ConnectAsync(HttpRequestMessage request, Boolean async, CancellationToken cancellationToken)
   at System.Net.Http.HttpConnectionPool.CreateHttp11ConnectionAsync(HttpRequestMessage request, Boolean async, CancellationToken cancellationToken)
   at System.Net.Http.HttpConnectionPool.AddHttp11ConnectionAsync(QueueItem queueItem)
   at System.Threading.Tasks.TaskCompletionSourceWithCancellation`1.WaitWithCancellationAsync(CancellationToken cancellationToken)
   at System.Net.Http.HttpConnectionPool.SendWithVersionDetectionAndRetryAsync(HttpRequestMessage request, Boolean async, Boolean doRequestAuth, CancellationToken cancellationToken)
   at System.Net.Http.RedirectHandler.SendAsync(HttpRequestMessage request, Boolean async, CancellationToken cancellationToken)
   at System.Net.Http.DecompressionHandler.SendAsync(HttpRequestMessage request, Boolean async, CancellationToken cancellationToken)
   at Microsoft.Extensions.Http.Logging.LoggingHttpMessageHandler.<SendCoreAsync>g__Core|5_0(HttpRequestMessage request, Boolean useAsync, CancellationToken cancellationToken)
   at Microsoft.Extensions.Http.Logging.LoggingScopeHttpMessageHandler.<SendCoreAsync>g__Core|5_0(HttpRequestMessage request, Boolean useAsync, CancellationToken cancellationToken)
   at System.Net.Http.HttpClient.<SendAsync>g__Core|83_0(HttpRequestMessage request, HttpCompletionOption completionOption, CancellationTokenSource cts, Boolean disposeCts, CancellationTokenSource pendingRequestsCts, CancellationToken originalCancellationToken)
   at Nacos.V2.Naming.Remote.Http.NamingHttpClientProxy.CallServer(String api, Dictionary`2 paramters, Dictionary`2 body, String curServer, HttpMethod method)
2026-06-24 20:26:44.011 +08:00 [INF] HTTP GET /health responded 200 in 0.0576 ms
2026-06-24 20:26:46.961 +08:00 [ERR] [NA] failed to request
System.Net.Http.HttpRequestException: 由于目标计算机积极拒绝，无法连接。 (localhost:8848)
 ---> System.Net.Sockets.SocketException (10061): 由于目标计算机积极拒绝，无法连接。
   at System.Net.Sockets.Socket.AwaitableSocketAsyncEventArgs.ThrowException(SocketError error, CancellationToken cancellationToken)
   at System.Net.Sockets.Socket.AwaitableSocketAsyncEventArgs.System.Threading.Tasks.Sources.IValueTaskSource.GetResult(Int16 token)
   at System.Net.Sockets.Socket.<ConnectAsync>g__WaitForConnectWithCancellation|285_0(AwaitableSocketAsyncEventArgs saea, ValueTask connectTask, CancellationToken cancellationToken)
   at System.Net.Http.HttpConnectionPool.ConnectToTcpHostAsync(String host, Int32 port, HttpRequestMessage initialRequest, Boolean async, CancellationToken cancellationToken)
   --- End of inner exception stack trace ---
   at System.Net.Http.HttpConnectionPool.ConnectToTcpHostAsync(String host, Int32 port, HttpRequestMessage initialRequest, Boolean async, CancellationToken cancellationToken)
   at System.Net.Http.HttpConnectionPool.ConnectAsync(HttpRequestMessage request, Boolean async, CancellationToken cancellationToken)
   at System.Net.Http.HttpConnectionPool.CreateHttp11ConnectionAsync(HttpRequestMessage request, Boolean async, CancellationToken cancellationToken)
   at System.Net.Http.HttpConnectionPool.AddHttp11ConnectionAsync(QueueItem queueItem)
   at System.Threading.Tasks.TaskCompletionSourceWithCancellation`1.WaitWithCancellationAsync(CancellationToken cancellationToken)
   at System.Net.Http.HttpConnectionPool.SendWithVersionDetectionAndRetryAsync(HttpRequestMessage request, Boolean async, Boolean doRequestAuth, CancellationToken cancellationToken)
   at System.Net.Http.RedirectHandler.SendAsync(HttpRequestMessage request, Boolean async, CancellationToken cancellationToken)
   at System.Net.Http.DecompressionHandler.SendAsync(HttpRequestMessage request, Boolean async, CancellationToken cancellationToken)
   at Microsoft.Extensions.Http.Logging.LoggingHttpMessageHandler.<SendCoreAsync>g__Core|5_0(HttpRequestMessage request, Boolean useAsync, CancellationToken cancellationToken)
   at Microsoft.Extensions.Http.Logging.LoggingScopeHttpMessageHandler.<SendCoreAsync>g__Core|5_0(HttpRequestMessage request, Boolean useAsync, CancellationToken cancellationToken)
   at System.Net.Http.HttpClient.<SendAsync>g__Core|83_0(HttpRequestMessage request, HttpCompletionOption completionOption, CancellationTokenSource cts, Boolean disposeCts, CancellationTokenSource pendingRequestsCts, CancellationToken originalCancellationToken)
   at Nacos.V2.Naming.Remote.Http.NamingHttpClientProxy.CallServer(String api, Dictionary`2 paramters, Dictionary`2 body, String curServer, HttpMethod method)
2026-06-24 20:26:49.670 +08:00 [INF] ServiceCityB 心跳发送成功
2026-06-24 20:26:51.115 +08:00 [ERR] [NA] failed to request
System.Net.Http.HttpRequestException: 由于目标计算机积极拒绝，无法连接。 (localhost:8848)
 ---> System.Net.Sockets.SocketException (10061): 由于目标计算机积极拒绝，无法连接。
   at System.Net.Sockets.Socket.AwaitableSocketAsyncEventArgs.ThrowException(SocketError error, CancellationToken cancellationToken)
   at System.Net.Sockets.Socket.AwaitableSocketAsyncEventArgs.System.Threading.Tasks.Sources.IValueTaskSource.GetResult(Int16 token)
   at System.Net.Sockets.Socket.<ConnectAsync>g__WaitForConnectWithCancellation|285_0(AwaitableSocketAsyncEventArgs saea, ValueTask connectTask, CancellationToken cancellationToken)
   at System.Net.Http.HttpConnectionPool.ConnectToTcpHostAsync(String host, Int32 port, HttpRequestMessage initialRequest, Boolean async, CancellationToken cancellationToken)
   --- End of inner exception stack trace ---
   at System.Net.Http.HttpConnectionPool.ConnectToTcpHostAsync(String host, Int32 port, HttpRequestMessage initialRequest, Boolean async, CancellationToken cancellationToken)
   at System.Net.Http.HttpConnectionPool.ConnectAsync(HttpRequestMessage request, Boolean async, CancellationToken cancellationToken)
   at System.Net.Http.HttpConnectionPool.CreateHttp11ConnectionAsync(HttpRequestMessage request, Boolean async, CancellationToken cancellationToken)
   at System.Net.Http.HttpConnectionPool.AddHttp11ConnectionAsync(QueueItem queueItem)
   at System.Threading.Tasks.TaskCompletionSourceWithCancellation`1.WaitWithCancellationAsync(CancellationToken cancellationToken)
   at System.Net.Http.HttpConnectionPool.SendWithVersionDetectionAndRetryAsync(HttpRequestMessage request, Boolean async, Boolean doRequestAuth, CancellationToken cancellationToken)
   at System.Net.Http.RedirectHandler.SendAsync(HttpRequestMessage request, Boolean async, CancellationToken cancellationToken)
   at System.Net.Http.DecompressionHandler.SendAsync(HttpRequestMessage request, Boolean async, CancellationToken cancellationToken)
   at Microsoft.Extensions.Http.Logging.LoggingHttpMessageHandler.<SendCoreAsync>g__Core|5_0(HttpRequestMessage request, Boolean useAsync, CancellationToken cancellationToken)
   at Microsoft.Extensions.Http.Logging.LoggingScopeHttpMessageHandler.<SendCoreAsync>g__Core|5_0(HttpRequestMessage request, Boolean useAsync, CancellationToken cancellationToken)
   at System.Net.Http.HttpClient.<SendAsync>g__Core|83_0(HttpRequestMessage request, HttpCompletionOption completionOption, CancellationTokenSource cts, Boolean disposeCts, CancellationTokenSource pendingRequestsCts, CancellationToken originalCancellationToken)
   at Nacos.V2.Naming.Remote.Http.NamingHttpClientProxy.CallServer(String api, Dictionary`2 paramters, Dictionary`2 body, String curServer, HttpMethod method)
2026-06-24 20:26:54.020 +08:00 [INF] HTTP GET /health responded 200 in 0.0193 ms
2026-06-24 20:26:55.245 +08:00 [ERR] [NA] failed to request
System.Net.Http.HttpRequestException: 由于目标计算机积极拒绝，无法连接。 (localhost:8848)
 ---> System.Net.Sockets.SocketException (10061): 由于目标计算机积极拒绝，无法连接。
   at System.Net.Sockets.Socket.AwaitableSocketAsyncEventArgs.ThrowException(SocketError error, CancellationToken cancellationToken)
   at System.Net.Sockets.Socket.AwaitableSocketAsyncEventArgs.System.Threading.Tasks.Sources.IValueTaskSource.GetResult(Int16 token)
   at System.Net.Sockets.Socket.<ConnectAsync>g__WaitForConnectWithCancellation|285_0(AwaitableSocketAsyncEventArgs saea, ValueTask connectTask, CancellationToken cancellationToken)
   at System.Net.Http.HttpConnectionPool.ConnectToTcpHostAsync(String host, Int32 port, HttpRequestMessage initialRequest, Boolean async, CancellationToken cancellationToken)
   --- End of inner exception stack trace ---
   at System.Net.Http.HttpConnectionPool.ConnectToTcpHostAsync(String host, Int32 port, HttpRequestMessage initialRequest, Boolean async, CancellationToken cancellationToken)
   at System.Net.Http.HttpConnectionPool.ConnectAsync(HttpRequestMessage request, Boolean async, CancellationToken cancellationToken)
   at System.Net.Http.HttpConnectionPool.CreateHttp11ConnectionAsync(HttpRequestMessage request, Boolean async, CancellationToken cancellationToken)
   at System.Net.Http.HttpConnectionPool.AddHttp11ConnectionAsync(QueueItem queueItem)
   at System.Threading.Tasks.TaskCompletionSourceWithCancellation`1.WaitWithCancellationAsync(CancellationToken cancellationToken)
   at System.Net.Http.HttpConnectionPool.SendWithVersionDetectionAndRetryAsync(HttpRequestMessage request, Boolean async, Boolean doRequestAuth, CancellationToken cancellationToken)
   at System.Net.Http.RedirectHandler.SendAsync(HttpRequestMessage request, Boolean async, CancellationToken cancellationToken)
   at System.Net.Http.DecompressionHandler.SendAsync(HttpRequestMessage request, Boolean async, CancellationToken cancellationToken)
   at Microsoft.Extensions.Http.Logging.LoggingHttpMessageHandler.<SendCoreAsync>g__Core|5_0(HttpRequestMessage request, Boolean useAsync, CancellationToken cancellationToken)
   at Microsoft.Extensions.Http.Logging.LoggingScopeHttpMessageHandler.<SendCoreAsync>g__Core|5_0(HttpRequestMessage request, Boolean useAsync, CancellationToken cancellationToken)
   at System.Net.Http.HttpClient.<SendAsync>g__Core|83_0(HttpRequestMessage request, HttpCompletionOption completionOption, CancellationTokenSource cts, Boolean disposeCts, CancellationTokenSource pendingRequestsCts, CancellationToken originalCancellationToken)
   at Nacos.V2.Naming.Remote.Http.NamingHttpClientProxy.CallServer(String api, Dictionary`2 paramters, Dictionary`2 body, String curServer, HttpMethod method)
2026-06-24 20:26:55.283 +08:00 [ERR] request: /nacos/v1/ns/instance/beat failed, servers: ["http://localhost:8848"], code: 500, msg: 由于目标计算机积极拒绝，无法连接。 (localhost:8848)
2026-06-24 20:26:55.292 +08:00 [ERR] [CLIENT-BEAT] failed to send beat: BeatInfo{port=5002, ip='127.0.0.1', weight=100, serviceName='DEFAULT_GROUP@@ServiceCityB', cluster='DEFAULT', metadata={"preserved.register.source":"ASPNET_CORE","DOTNET_VERSION":"8.0.28","HOST_OS":"Microsoft Windows NT 10.0.19045.0"}, scheduled=False, period=5000, stopped=False}, code: 500, msg: failed to req API: /nacos/v1/ns/instance/beat after all servers(System.Collections.Generic.List`1[System.String]) tried: 由于目标计算机积极拒绝，无法连接。 (localhost:8848)
Nacos.V2.Exceptions.NacosException: failed to req API: /nacos/v1/ns/instance/beat after all servers(System.Collections.Generic.List`1[System.String]) tried: 由于目标计算机积极拒绝，无法连接。 (localhost:8848)
   at Nacos.V2.Naming.Remote.Http.NamingHttpClientProxy.ReqApi(String url, Dictionary`2 paramters, Dictionary`2 body, List`1 servers, HttpMethod method)
   at Nacos.V2.Naming.Remote.Http.NamingHttpClientProxy.ReqApi(String url, Dictionary`2 paramters, Dictionary`2 body, HttpMethod method)
   at Nacos.V2.Naming.Remote.Http.NamingHttpClientProxy.SendBeat(BeatInfo beatInfo, Boolean lightBeatEnabled)
   at Nacos.V2.Naming.Beat.BeatReactor.BeatTask(BeatInfo beatInfo)
2026-06-24 20:26:59.693 +08:00 [INF] ServiceCityB 心跳发送成功
2026-06-24 20:27:04.024 +08:00 [INF] HTTP GET /health responded 200 in 0.0608 ms
2026-06-24 20:27:04.414 +08:00 [ERR] [NA] failed to request
System.Net.Http.HttpRequestException: 由于目标计算机积极拒绝，无法连接。 (localhost:8848)
 ---> System.Net.Sockets.SocketException (10061): 由于目标计算机积极拒绝，无法连接。
   at System.Net.Sockets.Socket.AwaitableSocketAsyncEventArgs.ThrowException(SocketError error, CancellationToken cancellationToken)
   at System.Net.Sockets.Socket.AwaitableSocketAsyncEventArgs.System.Threading.Tasks.Sources.IValueTaskSource.GetResult(Int16 token)
   at System.Net.Sockets.Socket.<ConnectAsync>g__WaitForConnectWithCancellation|285_0(AwaitableSocketAsyncEventArgs saea, ValueTask connectTask, CancellationToken cancellationToken)
   at System.Net.Http.HttpConnectionPool.ConnectToTcpHostAsync(String host, Int32 port, HttpRequestMessage initialRequest, Boolean async, CancellationToken cancellationToken)
   --- End of inner exception stack trace ---
   at System.Net.Http.HttpConnectionPool.ConnectToTcpHostAsync(String host, Int32 port, HttpRequestMessage initialRequest, Boolean async, CancellationToken cancellationToken)
   at System.Net.Http.HttpConnectionPool.ConnectAsync(HttpRequestMessage request, Boolean async, CancellationToken cancellationToken)
   at System.Net.Http.HttpConnectionPool.CreateHttp11ConnectionAsync(HttpRequestMessage request, Boolean async, CancellationToken cancellationToken)
   at System.Net.Http.HttpConnectionPool.AddHttp11ConnectionAsync(QueueItem queueItem)
   at System.Threading.Tasks.TaskCompletionSourceWithCancellation`1.WaitWithCancellationAsync(CancellationToken cancellationToken)
   at System.Net.Http.HttpConnectionPool.SendWithVersionDetectionAndRetryAsync(HttpRequestMessage request, Boolean async, Boolean doRequestAuth, CancellationToken cancellationToken)
   at System.Net.Http.RedirectHandler.SendAsync(HttpRequestMessage request, Boolean async, CancellationToken cancellationToken)
   at System.Net.Http.DecompressionHandler.SendAsync(HttpRequestMessage request, Boolean async, CancellationToken cancellationToken)
   at Microsoft.Extensions.Http.Logging.LoggingHttpMessageHandler.<SendCoreAsync>g__Core|5_0(HttpRequestMessage request, Boolean useAsync, CancellationToken cancellationToken)
   at Microsoft.Extensions.Http.Logging.LoggingScopeHttpMessageHandler.<SendCoreAsync>g__Core|5_0(HttpRequestMessage request, Boolean useAsync, CancellationToken cancellationToken)
   at System.Net.Http.HttpClient.<SendAsync>g__Core|83_0(HttpRequestMessage request, HttpCompletionOption completionOption, CancellationTokenSource cts, Boolean disposeCts, CancellationTokenSource pendingRequestsCts, CancellationToken originalCancellationToken)
   at Nacos.V2.Naming.Remote.Http.NamingHttpClientProxy.CallServer(String api, Dictionary`2 paramters, Dictionary`2 body, String curServer, HttpMethod method)
2026-06-24 20:27:08.531 +08:00 [ERR] [NA] failed to request
System.Net.Http.HttpRequestException: 由于目标计算机积极拒绝，无法连接。 (localhost:8848)
 ---> System.Net.Sockets.SocketException (10061): 由于目标计算机积极拒绝，无法连接。
   at System.Net.Sockets.Socket.AwaitableSocketAsyncEventArgs.ThrowException(SocketError error, CancellationToken cancellationToken)
   at System.Net.Sockets.Socket.AwaitableSocketAsyncEventArgs.System.Threading.Tasks.Sources.IValueTaskSource.GetResult(Int16 token)
   at System.Net.Sockets.Socket.<ConnectAsync>g__WaitForConnectWithCancellation|285_0(AwaitableSocketAsyncEventArgs saea, ValueTask connectTask, CancellationToken cancellationToken)
   at System.Net.Http.HttpConnectionPool.ConnectToTcpHostAsync(String host, Int32 port, HttpRequestMessage initialRequest, Boolean async, CancellationToken cancellationToken)
   --- End of inner exception stack trace ---
   at System.Net.Http.HttpConnectionPool.ConnectToTcpHostAsync(String host, Int32 port, HttpRequestMessage initialRequest, Boolean async, CancellationToken cancellationToken)
   at System.Net.Http.HttpConnectionPool.ConnectAsync(HttpRequestMessage request, Boolean async, CancellationToken cancellationToken)
   at System.Net.Http.HttpConnectionPool.CreateHttp11ConnectionAsync(HttpRequestMessage request, Boolean async, CancellationToken cancellationToken)
   at System.Net.Http.HttpConnectionPool.AddHttp11ConnectionAsync(QueueItem queueItem)
   at System.Threading.Tasks.TaskCompletionSourceWithCancellation`1.WaitWithCancellationAsync(CancellationToken cancellationToken)
   at System.Net.Http.HttpConnectionPool.SendWithVersionDetectionAndRetryAsync(HttpRequestMessage request, Boolean async, Boolean doRequestAuth, CancellationToken cancellationToken)
   at System.Net.Http.RedirectHandler.SendAsync(HttpRequestMessage request, Boolean async, CancellationToken cancellationToken)
   at System.Net.Http.DecompressionHandler.SendAsync(HttpRequestMessage request, Boolean async, CancellationToken cancellationToken)
   at Microsoft.Extensions.Http.Logging.LoggingHttpMessageHandler.<SendCoreAsync>g__Core|5_0(HttpRequestMessage request, Boolean useAsync, CancellationToken cancellationToken)
   at Microsoft.Extensions.Http.Logging.LoggingScopeHttpMessageHandler.<SendCoreAsync>g__Core|5_0(HttpRequestMessage request, Boolean useAsync, CancellationToken cancellationToken)
   at System.Net.Http.HttpClient.<SendAsync>g__Core|83_0(HttpRequestMessage request, HttpCompletionOption completionOption, CancellationTokenSource cts, Boolean disposeCts, CancellationTokenSource pendingRequestsCts, CancellationToken originalCancellationToken)
   at Nacos.V2.Naming.Remote.Http.NamingHttpClientProxy.CallServer(String api, Dictionary`2 paramters, Dictionary`2 body, String curServer, HttpMethod method)
2026-06-24 20:27:09.722 +08:00 [INF] ServiceCityB 心跳发送成功
2026-06-24 20:27:12.633 +08:00 [ERR] [NA] failed to request
System.Net.Http.HttpRequestException: 由于目标计算机积极拒绝，无法连接。 (localhost:8848)
 ---> System.Net.Sockets.SocketException (10061): 由于目标计算机积极拒绝，无法连接。
   at System.Net.Sockets.Socket.AwaitableSocketAsyncEventArgs.ThrowException(SocketError error, CancellationToken cancellationToken)
   at System.Net.Sockets.Socket.AwaitableSocketAsyncEventArgs.System.Threading.Tasks.Sources.IValueTaskSource.GetResult(Int16 token)
   at System.Net.Sockets.Socket.<ConnectAsync>g__WaitForConnectWithCancellation|285_0(AwaitableSocketAsyncEventArgs saea, ValueTask connectTask, CancellationToken cancellationToken)
   at System.Net.Http.HttpConnectionPool.ConnectToTcpHostAsync(String host, Int32 port, HttpRequestMessage initialRequest, Boolean async, CancellationToken cancellationToken)
   --- End of inner exception stack trace ---
   at System.Net.Http.HttpConnectionPool.ConnectToTcpHostAsync(String host, Int32 port, HttpRequestMessage initialRequest, Boolean async, CancellationToken cancellationToken)
   at System.Net.Http.HttpConnectionPool.ConnectAsync(HttpRequestMessage request, Boolean async, CancellationToken cancellationToken)
   at System.Net.Http.HttpConnectionPool.CreateHttp11ConnectionAsync(HttpRequestMessage request, Boolean async, CancellationToken cancellationToken)
   at System.Net.Http.HttpConnectionPool.AddHttp11ConnectionAsync(QueueItem queueItem)
   at System.Threading.Tasks.TaskCompletionSourceWithCancellation`1.WaitWithCancellationAsync(CancellationToken cancellationToken)
   at System.Net.Http.HttpConnectionPool.SendWithVersionDetectionAndRetryAsync(HttpRequestMessage request, Boolean async, Boolean doRequestAuth, CancellationToken cancellationToken)
   at System.Net.Http.RedirectHandler.SendAsync(HttpRequestMessage request, Boolean async, CancellationToken cancellationToken)
   at System.Net.Http.DecompressionHandler.SendAsync(HttpRequestMessage request, Boolean async, CancellationToken cancellationToken)
   at Microsoft.Extensions.Http.Logging.LoggingHttpMessageHandler.<SendCoreAsync>g__Core|5_0(HttpRequestMessage request, Boolean useAsync, CancellationToken cancellationToken)
   at Microsoft.Extensions.Http.Logging.LoggingScopeHttpMessageHandler.<SendCoreAsync>g__Core|5_0(HttpRequestMessage request, Boolean useAsync, CancellationToken cancellationToken)
   at System.Net.Http.HttpClient.<SendAsync>g__Core|83_0(HttpRequestMessage request, HttpCompletionOption completionOption, CancellationTokenSource cts, Boolean disposeCts, CancellationTokenSource pendingRequestsCts, CancellationToken originalCancellationToken)
   at Nacos.V2.Naming.Remote.Http.NamingHttpClientProxy.CallServer(String api, Dictionary`2 paramters, Dictionary`2 body, String curServer, HttpMethod method)
2026-06-24 20:27:14.042 +08:00 [INF] HTTP GET /health responded 200 in 0.0337 ms
2026-06-24 20:27:16.792 +08:00 [ERR] [NA] failed to request
System.Net.Http.HttpRequestException: 由于目标计算机积极拒绝，无法连接。 (localhost:8848)
 ---> System.Net.Sockets.SocketException (10061): 由于目标计算机积极拒绝，无法连接。
   at System.Net.Sockets.Socket.AwaitableSocketAsyncEventArgs.ThrowException(SocketError error, CancellationToken cancellationToken)
   at System.Net.Sockets.Socket.AwaitableSocketAsyncEventArgs.System.Threading.Tasks.Sources.IValueTaskSource.GetResult(Int16 token)
   at System.Net.Sockets.Socket.<ConnectAsync>g__WaitForConnectWithCancellation|285_0(AwaitableSocketAsyncEventArgs saea, ValueTask connectTask, CancellationToken cancellationToken)
   at System.Net.Http.HttpConnectionPool.ConnectToTcpHostAsync(String host, Int32 port, HttpRequestMessage initialRequest, Boolean async, CancellationToken cancellationToken)
   --- End of inner exception stack trace ---
   at System.Net.Http.HttpConnectionPool.ConnectToTcpHostAsync(String host, Int32 port, HttpRequestMessage initialRequest, Boolean async, CancellationToken cancellationToken)
   at System.Net.Http.HttpConnectionPool.ConnectAsync(HttpRequestMessage request, Boolean async, CancellationToken cancellationToken)
   at System.Net.Http.HttpConnectionPool.CreateHttp11ConnectionAsync(HttpRequestMessage request, Boolean async, CancellationToken cancellationToken)
   at System.Net.Http.HttpConnectionPool.AddHttp11ConnectionAsync(QueueItem queueItem)
   at System.Threading.Tasks.TaskCompletionSourceWithCancellation`1.WaitWithCancellationAsync(CancellationToken cancellationToken)
   at System.Net.Http.HttpConnectionPool.SendWithVersionDetectionAndRetryAsync(HttpRequestMessage request, Boolean async, Boolean doRequestAuth, CancellationToken cancellationToken)
   at System.Net.Http.RedirectHandler.SendAsync(HttpRequestMessage request, Boolean async, CancellationToken cancellationToken)
   at System.Net.Http.DecompressionHandler.SendAsync(HttpRequestMessage request, Boolean async, CancellationToken cancellationToken)
   at Microsoft.Extensions.Http.Logging.LoggingHttpMessageHandler.<SendCoreAsync>g__Core|5_0(HttpRequestMessage request, Boolean useAsync, CancellationToken cancellationToken)
   at Microsoft.Extensions.Http.Logging.LoggingScopeHttpMessageHandler.<SendCoreAsync>g__Core|5_0(HttpRequestMessage request, Boolean useAsync, CancellationToken cancellationToken)
   at System.Net.Http.HttpClient.<SendAsync>g__Core|83_0(HttpRequestMessage request, HttpCompletionOption completionOption, CancellationTokenSource cts, Boolean disposeCts, CancellationTokenSource pendingRequestsCts, CancellationToken originalCancellationToken)
   at Nacos.V2.Naming.Remote.Http.NamingHttpClientProxy.CallServer(String api, Dictionary`2 paramters, Dictionary`2 body, String curServer, HttpMethod method)
2026-06-24 20:27:16.798 +08:00 [ERR] request: /nacos/v1/ns/instance/beat failed, servers: ["http://localhost:8848"], code: 500, msg: 由于目标计算机积极拒绝，无法连接。 (localhost:8848)
2026-06-24 20:27:16.799 +08:00 [ERR] [CLIENT-BEAT] failed to send beat: BeatInfo{port=5002, ip='127.0.0.1', weight=100, serviceName='DEFAULT_GROUP@@ServiceCityB', cluster='DEFAULT', metadata={"preserved.register.source":"ASPNET_CORE","DOTNET_VERSION":"8.0.28","HOST_OS":"Microsoft Windows NT 10.0.19045.0"}, scheduled=False, period=5000, stopped=False}, code: 500, msg: failed to req API: /nacos/v1/ns/instance/beat after all servers(System.Collections.Generic.List`1[System.String]) tried: 由于目标计算机积极拒绝，无法连接。 (localhost:8848)
Nacos.V2.Exceptions.NacosException: failed to req API: /nacos/v1/ns/instance/beat after all servers(System.Collections.Generic.List`1[System.String]) tried: 由于目标计算机积极拒绝，无法连接。 (localhost:8848)
   at Nacos.V2.Naming.Remote.Http.NamingHttpClientProxy.ReqApi(String url, Dictionary`2 paramters, Dictionary`2 body, List`1 servers, HttpMethod method)
   at Nacos.V2.Naming.Remote.Http.NamingHttpClientProxy.ReqApi(String url, Dictionary`2 paramters, Dictionary`2 body, HttpMethod method)
   at Nacos.V2.Naming.Remote.Http.NamingHttpClientProxy.SendBeat(BeatInfo beatInfo, Boolean lightBeatEnabled)
   at Nacos.V2.Naming.Beat.BeatReactor.BeatTask(BeatInfo beatInfo)
2026-06-24 20:27:19.742 +08:00 [INF] ServiceCityB 心跳发送成功
2026-06-24 20:27:24.058 +08:00 [INF] HTTP GET /health responded 200 in 0.0408 ms
